<?xml version="1.0" encoding="UTF-8"?>
<testng-results ignored="0" total="1" passed="1" failed="0" skipped="0">
  <reporter-output>
  </reporter-output>
  <suite started-at="2025-04-30T12:18:18 CDT" name="Suite" finished-at="2025-04-30T12:18:23 CDT" duration-ms="5097">
    <groups>
      <group name="Regression">
        <method signature="LoginTest.verify_login()[pri:0, instance:codenbox.testCases.LoginTest@6a28ffa4]" name="verify_login" class="codenbox.testCases.LoginTest"/>
      </group> <!-- Regression -->
    </groups>
    <test started-at="2025-04-30T12:18:18 CDT" name="Test" finished-at="2025-04-30T12:18:23 CDT" duration-ms="5097">
      <class name="codenbox.testCases.LoginTest">
        <test-method is-config="true" signature="setup(java.lang.String)[pri:0, instance:codenbox.testCases.LoginTest@6a28ffa4]" started-at="2025-04-30T12:18:18 CDT" name="setup" finished-at="2025-04-30T12:18:22 CDT" duration-ms="3461" status="PASS">
          <params>
            <param index="0">
              <value>
                <![CDATA[chromeheadless]]>
              </value>
            </param>
          </params>
          <reporter-output>
          </reporter-output>
        </test-method> <!-- setup -->
        <test-method signature="verify_login()[pri:0, instance:codenbox.testCases.LoginTest@6a28ffa4]" started-at="2025-04-30T12:18:22 CDT" name="verify_login" finished-at="2025-04-30T12:18:23 CDT" duration-ms="1438" status="PASS">
          <reporter-output>
          </reporter-output>
        </test-method> <!-- verify_login -->
        <test-method is-config="true" signature="tearDown()[pri:0, instance:codenbox.testCases.LoginTest@6a28ffa4]" started-at="2025-04-30T12:18:23 CDT" name="tearDown" finished-at="2025-04-30T12:18:23 CDT" duration-ms="113" status="PASS">
          <reporter-output>
          </reporter-output>
        </test-method> <!-- tearDown -->
      </class> <!-- codenbox.testCases.LoginTest -->
    </test> <!-- Test -->
  </suite> <!-- Suite -->
</testng-results>
